Using pre-set license
Built from '2021.3/staging' branch; Version is '2021.3.7f1 (24e8595d6d43) revision 2418777'; Using compiler version '192829333'; Build Type 'Release'
OS: 'Windows 10  (10.0.19044) 64bit Enterprise' Language: 'en' Physical Memory: 15970 MB
BatchMode: 1, IsHumanControllingUs: 0, StartBugReporterOnCrash: 0, Is64bit: 1, IsPro: 1

COMMAND LINE ARGUMENTS:
C:\Program Files\Unity\Hub\Editor\2021.3.7f1\Editor\Unity.exe
-adb2
-batchMode
-noUpm
-name
AssetImportWorker4
-projectPath
C:/Users/melanievasquez/Documents/GitHub/VR-Class-Project
-logFile
Logs/AssetImportWorker4.log
-srvPort
64045
Successfully changed project path to: C:/Users/melanievasquez/Documents/GitHub/VR-Class-Project
C:/Users/melanievasquez/Documents/GitHub/VR-Class-Project
[UnityMemory] Configuration Parameters - Can be set up in boot.config
    "memorysetup-bucket-allocator-granularity=16"
    "memorysetup-bucket-allocator-bucket-count=8"
    "memorysetup-bucket-allocator-block-size=33554432"
    "memorysetup-bucket-allocator-block-count=8"
    "memorysetup-main-allocator-block-size=16777216"
    "memorysetup-thread-allocator-block-size=16777216"
    "memorysetup-gfx-main-allocator-block-size=16777216"
    "memorysetup-gfx-thread-allocator-block-size=16777216"
    "memorysetup-cache-allocator-block-size=4194304"
    "memorysetup-typetree-allocator-block-size=2097152"
    "memorysetup-profiler-bucket-allocator-granularity=16"
    "memorysetup-profiler-bucket-allocator-bucket-count=8"
    "memorysetup-profiler-bucket-allocator-block-size=33554432"
    "memorysetup-profiler-bucket-allocator-block-count=8"
    "memorysetup-profiler-allocator-block-size=16777216"
    "memorysetup-profiler-editor-allocator-block-size=1048576"
    "memorysetup-temp-allocator-size-main=16777216"
    "memorysetup-job-temp-allocator-block-size=2097152"
    "memorysetup-job-temp-allocator-block-size-background=1048576"
    "memorysetup-job-temp-allocator-reduction-small-platforms=262144"
    "memorysetup-temp-allocator-size-background-worker=32768"
    "memorysetup-temp-allocator-size-job-worker=262144"
    "memorysetup-temp-allocator-size-preload-manager=33554432"
    "memorysetup-temp-allocator-size-nav-mesh-worker=65536"
    "memorysetup-temp-allocator-size-audio-worker=65536"
    "memorysetup-temp-allocator-size-cloud-worker=32768"
    "memorysetup-temp-allocator-size-gi-baking-worker=262144"
    "memorysetup-temp-allocator-size-gfx=262144"
Refreshing native plugins compatible for Editor in 314.62 ms, found 11 plugins.
Preloading 1 native plugins for Editor in 3.20 ms.
Initialize engine version: 2021.3.7f1 (24e8595d6d43)
[Subsystems] Discovering subsystems at path C:/Program Files/Unity/Hub/Editor/2021.3.7f1/Editor/Data/Resources/UnitySubsystems
[Subsystems] Discovering subsystems at path C:/Users/melanievasquez/Documents/GitHub/VR-Class-Project/Assets
GfxDevice: creating device client; threaded=0; jobified=0
Direct3D:
    Version:  Direct3D 11.0 [level 11.1]
    Renderer: Intel(R) UHD Graphics (ID=0x8a56)
    Vendor:   Intel
    VRAM:     7985 MB
    Driver:   27.20.100.9168
Initialize mono
Mono path[0] = 'C:/Program Files/Unity/Hub/Editor/2021.3.7f1/Editor/Data/Managed'
Mono path[1] = 'C:/Program Files/Unity/Hub/Editor/2021.3.7f1/Editor/Data/MonoBleedingEdge/lib/mono/unityjit-win32'
Mono config path = 'C:/Program Files/Unity/Hub/Editor/2021.3.7f1/Editor/Data/MonoBleedingEdge/etc'
Using monoOptions --debugger-agent=transport=dt_socket,embedding=1,server=y,suspend=n,address=127.0.0.1:56856
Begin MonoManager ReloadAssembly
Registering precompiled unity dll's ...
Register platform support module: C:/Program Files/Unity/Hub/Editor/2021.3.7f1/Editor/Data/PlaybackEngines/MacStandaloneSupport/UnityEditor.OSXStandalone.Extensions.dll
Register platform support module: C:/Program Files/Unity/Hub/Editor/2021.3.7f1/Editor/Data/PlaybackEngines/WindowsStandaloneSupport/UnityEditor.WindowsStandalone.Extensions.dll
Registered in 0.015894 seconds.
Native extension for WindowsStandalone target not found
Native extension for OSXStandalone target not found
Refreshing native plugins compatible for Editor in 273.74 ms, found 11 plugins.
Preloading 1 native plugins for Editor in 0.45 ms.
Mono: successfully reloaded assembly
- Completed reload, in  1.580 seconds
Domain Reload Profiling:
	ReloadAssembly (1581ms)
		BeginReloadAssembly (104ms)
			ExecutionOrderSort (0ms)
			DisableScriptedObjects (0ms)
			BackupInstance (0ms)
			ReleaseScriptingObjects (0ms)
			CreateAndSetChildDomain (1ms)
		EndReloadAssembly (1280ms)
			LoadAssemblies (102ms)
			RebuildTransferFunctionScriptingTraits (0ms)
			SetupTypeCache (321ms)
			ReleaseScriptCaches (0ms)
			RebuildScriptCaches (67ms)
			SetupLoadedEditorAssemblies (760ms)
				LogAssemblyErrors (0ms)
				InitializePlatformSupportModulesInManaged (26ms)
				SetLoadedEditorAssemblies (0ms)
				RefreshPlugins (275ms)
				BeforeProcessingInitializeOnLoad (3ms)
				ProcessInitializeOnLoadAttributes (344ms)
				ProcessInitializeOnLoadMethodAttributes (112ms)
				AfterProcessingInitializeOnLoad (0ms)
				EditorAssembliesLoaded (0ms)
			ExecutionOrderSort2 (0ms)
			AwakeInstancesAfterBackupRestoration (0ms)
Platform modules already initialized, skipping
Registering precompiled user dll's ...
Registered in 0.030055 seconds.
Begin MonoManager ReloadAssembly
Symbol file LoadedFromMemory doesn't match image C:\Users\melanievasquez\Documents\GitHub\VR-Class-Project\Library\PackageCache\com.unity.visualscripting@1.7.8\Editor\VisualScripting.Core\Dependencies\DotNetZip\Unity.VisualScripting.IonicZip.dll
Symbol file LoadedFromMemory doesn't match image C:\Users\melanievasquez\Documents\GitHub\VR-Class-Project\Library\PackageCache\com.unity.visualscripting@1.7.8\Editor\VisualScripting.Core\Dependencies\YamlDotNet\Unity.VisualScripting.YamlDotNet.dll
Native extension for WindowsStandalone target not found
Native extension for OSXStandalone target not found
Refreshing native plugins compatible for Editor in 229.38 ms, found 11 plugins.
Preloading 1 native plugins for Editor in 0.10 ms.
Package Manager log level set to [2]
System.Reflection.TargetInvocationException: Exception has been thrown by the target of an invocation. ---> System.NullReferenceException: Object reference not set to an instance of an object
  at Unity.XR.Oculus.OculusLoader.AssetPathToAbsolutePath (System.String assetPath) [0x0003d] in C:\Users\melanievasquez\Documents\GitHub\VR-Class-Project\Library\PackageCache\com.unity.xr.oculus@3.0.2\Runtime\OculusLoader.cs:271 
  at Unity.XR.Oculus.OculusLoader.EditorLoadOVRPlugin () [0x0007b] in C:\Users\melanievasquez\Documents\GitHub\VR-Class-Project\Library\PackageCache\com.unity.xr.oculus@3.0.2\Runtime\OculusLoader.cs:256 
  at (wrapper managed-to-native) System.Reflection.RuntimeMethodInfo.InternalInvoke(System.Reflection.RuntimeMethodInfo,object,object[],System.Exception&)
  at System.Reflection.RuntimeMethodInfo.Invoke (System.Object obj, System.Reflection.BindingFlags invokeAttr, System.Reflection.Binder binder, System.Object[] parameters, System.Globalization.CultureInfo culture) [0x0006a] in <c2a97e0383e8404c9fc0ae19d58f57f1>:0 
   --- End of inner exception stack trace ---
  at System.Reflection.RuntimeMethodInfo.Invoke (System.Object obj, System.Reflection.BindingFlags invokeAttr, System.Reflection.Binder binder, System.Object[] parameters, System.Globalization.CultureInfo culture) [0x00083] in <c2a97e0383e8404c9fc0ae19d58f57f1>:0 
  at System.Reflection.MethodBase.Invoke (System.Object obj, System.Object[] parameters) [0x00000] in <c2a97e0383e8404c9fc0ae19d58f57f1>:0 
  at UnityEditor.EditorAssemblies.ProcessInitializeOnLoadMethodAttributes () [0x000a5] in <33518779906b403ba9f96eccba6a861b>:0 
UnityEngine.StackTraceUtility:ExtractStackTrace ()
UnityEngine.DebugLogHandler:LogFormat (UnityEngine.LogType,UnityEngine.Object,string,object[])
UnityEngine.Logger:Log (UnityEngine.LogType,object)
UnityEngine.Debug:LogError (object)
UnityEditor.EditorAssemblies:ProcessInitializeOnLoadMethodAttributes ()

Mono: successfully reloaded assembly
- Completed reload, in  3.090 seconds
Domain Reload Profiling:
	ReloadAssembly (3092ms)
		BeginReloadAssembly (208ms)
			ExecutionOrderSort (0ms)
			DisableScriptedObjects (10ms)
			BackupInstance (0ms)
			ReleaseScriptingObjects (0ms)
			CreateAndSetChildDomain (44ms)
		EndReloadAssembly (2645ms)
			LoadAssemblies (222ms)
			RebuildTransferFunctionScriptingTraits (0ms)
			SetupTypeCache (705ms)
			ReleaseScriptCaches (1ms)
			RebuildScriptCaches (171ms)
			SetupLoadedEditorAssemblies (1405ms)
				LogAssemblyErrors (0ms)
				InitializePlatformSupportModulesInManaged (8ms)
				SetLoadedEditorAssemblies (0ms)
				RefreshPlugins (230ms)
				BeforeProcessingInitializeOnLoad (289ms)
				ProcessInitializeOnLoadAttributes (626ms)
				ProcessInitializeOnLoadMethodAttributes (222ms)
				AfterProcessingInitializeOnLoad (29ms)
				EditorAssembliesLoaded (0ms)
			ExecutionOrderSort2 (0ms)
			AwakeInstancesAfterBackupRestoration (12ms)
Platform modules already initialized, skipping
========================================================================
Worker process is ready to serve import requests
Launched and connected shader compiler UnityShaderCompiler.exe after 0.18 seconds
Refreshing native plugins compatible for Editor in 2.33 ms, found 11 plugins.
Preloading 1 native plugins for Editor in 0.18 ms.
Unloading 6057 Unused Serialized files (Serialized files now loaded: 0)
Unloading 56 unused Assets / (0.7 MB). Loaded Objects now: 6495.
Memory consumption went from 252.2 MB to 251.5 MB.
Total: 11.640200 ms (FindLiveObjects: 1.018400 ms CreateObjectMapping: 0.939800 ms MarkObjects: 9.279900 ms  DeleteObjects: 0.400300 ms)

AssetImportParameters requested are different than current active one (requested -> active):
  custom:video-decoder-ogg-theora: a1e56fd34408186e4bbccfd4996cb3dc -> 
  custom:container-muxer-webm: aa71ff27fc2769a1b78a27578f13a17b -> 
  custom:container-demuxer-webm: 4f35f7cbe854078d1ac9338744f61a02 -> 
  custom:video-encoder-webm-vp8: eb34c28f22e8b96e1ab97ce403110664 -> 
  custom:audio-encoder-webm-vorbis: bf7c407c2cedff20999df2af8eb42d56 -> 
  custom:framework-win-MediaFoundation: 216162199b28c13a410421893ffa2e32 -> 
  custom:container-demuxer-ogg: 62fdf1f143b41e24485cea50d1cbac27 -> 
  custom:video-decoder-webm-vp8: 9c59270c3fd7afecdb556c50c9e8de78 -> 
  custom:audio-decoder-ogg-vorbis: bf7c407c2cedff20999df2af8eb42d56 -> 
========================================================================
Received Import Request.
  Time since last request: 1218755.438091 seconds.
  path: Assets/Low Poly Egypt Starter Kit/Meshes/Scene/Scene.fbx
  artifactKey: Guid(afa0a2d06ab39594d914c9377731aad6) Importer(815301076,1909f56bfc062723c751e8b465ee728b)
Start importing Assets/Low Poly Egypt Starter Kit/Meshes/Scene/Scene.fbx using Guid(afa0a2d06ab39594d914c9377731aad6) Importer(815301076,1909f56bfc062723c751e8b465ee728b)  -> (artifact id: '1358a122596229e81a68a6cc0a191f49') in 0.610266 seconds 
========================================================================
Received Import Request.
  Time since last request: 4.676229 seconds.
  path: Assets/Low Poly Egypt Starter Kit/Materials/PSD_color_texture.mat
  artifactKey: Guid(2d01b32886003e24e8dfbe88dc3a5db1) Importer(815301076,1909f56bfc062723c751e8b465ee728b)
Start importing Assets/Low Poly Egypt Starter Kit/Materials/PSD_color_texture.mat using Guid(2d01b32886003e24e8dfbe88dc3a5db1) Importer(815301076,1909f56bfc062723c751e8b465ee728b)  -> (artifact id: '955a3dbc606ea6ca4b7893d041b1f1a8') in 0.039703 seconds 
========================================================================
Received Import Request.
  Time since last request: 5.300589 seconds.
  path: Assets/Low Poly Egypt Starter Kit/Effects/ImageEffects/Textures
  artifactKey: Guid(f9372f23586ef470b97d53856af88487) Importer(815301076,1909f56bfc062723c751e8b465ee728b)
Start importing Assets/Low Poly Egypt Starter Kit/Effects/ImageEffects/Textures using Guid(f9372f23586ef470b97d53856af88487) Importer(815301076,1909f56bfc062723c751e8b465ee728b)  -> (artifact id: '633082655500396773f717c9ba90540a') in 0.005855 seconds 
========================================================================
Received Import Request.
  Time since last request: 0.260898 seconds.
  path: Assets/Low Poly Egypt Starter Kit/Effects/ImageEffects/Textures/color correction ramp.png
  artifactKey: Guid(d440902fad11e807d00044888d76c639) Importer(815301076,1909f56bfc062723c751e8b465ee728b)
Start importing Assets/Low Poly Egypt Starter Kit/Effects/ImageEffects/Textures/color correction ramp.png using Guid(d440902fad11e807d00044888d76c639) Importer(815301076,1909f56bfc062723c751e8b465ee728b)  -> (artifact id: '8ad843640e83cf3e993a2f22e3a2e918') in 0.062520 seconds 
========================================================================
Received Import Request.
  Time since last request: 0.000039 seconds.
  path: Assets/Low Poly Egypt Starter Kit/Effects/ImageEffects/Textures/NoiseEffectGrain.png
  artifactKey: Guid(ffa9c02760c2b4e8eb9814ec06c4b05b) Importer(815301076,1909f56bfc062723c751e8b465ee728b)
Start importing Assets/Low Poly Egypt Starter Kit/Effects/ImageEffects/Textures/NoiseEffectGrain.png using Guid(ffa9c02760c2b4e8eb9814ec06c4b05b) Importer(815301076,1909f56bfc062723c751e8b465ee728b)  -> (artifact id: '6918952ea57c663c0d75616f749633f6') in 0.034874 seconds 
========================================================================
Received Import Request.
  Time since last request: 0.000062 seconds.
  path: Assets/Low Poly Egypt Starter Kit/Effects/ImageEffects/Textures/Neutral3D16.png
  artifactKey: Guid(a4b474cd484494a4aaa4bbf928219d09) Importer(815301076,1909f56bfc062723c751e8b465ee728b)
Start importing Assets/Low Poly Egypt Starter Kit/Effects/ImageEffects/Textures/Neutral3D16.png using Guid(a4b474cd484494a4aaa4bbf928219d09) Importer(815301076,1909f56bfc062723c751e8b465ee728b)  -> (artifact id: '80fca1052c7b38e1e27c4998f6f5127c') in 0.023027 seconds 
========================================================================
Received Import Request.
  Time since last request: 0.000037 seconds.
  path: Assets/Low Poly Egypt Starter Kit/Effects/ImageEffects/Textures/NoiseEffectScratch.png
  artifactKey: Guid(6205c27cc031f4e66b8ea90d1bfaa158) Importer(815301076,1909f56bfc062723c751e8b465ee728b)
Start importing Assets/Low Poly Egypt Starter Kit/Effects/ImageEffects/Textures/NoiseEffectScratch.png using Guid(6205c27cc031f4e66b8ea90d1bfaa158) Importer(815301076,1909f56bfc062723c751e8b465ee728b)  -> (artifact id: '8cd5fcd035efa1f9b2c7cb7c30157d32') in 0.023285 seconds 
========================================================================
Received Import Request.
  Time since last request: 41.719516 seconds.
  path: Assets/Low Poly Egypt Starter Kit/Meshes/Ruins.fbx
  artifactKey: Guid(843d02952096ef64f8490ca806b37e9b) Importer(815301076,1909f56bfc062723c751e8b465ee728b)
Start importing Assets/Low Poly Egypt Starter Kit/Meshes/Ruins.fbx using Guid(843d02952096ef64f8490ca806b37e9b) Importer(815301076,1909f56bfc062723c751e8b465ee728b)  -> (artifact id: '46aed1d1a572a8380ce3806a0489c97f') in 0.046155 seconds 
========================================================================
Received Import Request.
  Time since last request: 0.000043 seconds.
  path: Assets/Low Poly Egypt Starter Kit/Meshes/Stone_Pavement_05.fbx
  artifactKey: Guid(28e0c361fb87bc44fb091191a03781ee) Importer(815301076,1909f56bfc062723c751e8b465ee728b)
Start importing Assets/Low Poly Egypt Starter Kit/Meshes/Stone_Pavement_05.fbx using Guid(28e0c361fb87bc44fb091191a03781ee) Importer(815301076,1909f56bfc062723c751e8b465ee728b)  -> (artifact id: '2208aeee8ff31630d1c5ae93f1f01a68') in 0.056102 seconds 
========================================================================
Received Import Request.
  Time since last request: 0.000049 seconds.
  path: Assets/Low Poly Egypt Starter Kit/Meshes/Stone_Pavement_08.fbx
  artifactKey: Guid(aaae15f079c476a44bc02b7b669bbae5) Importer(815301076,1909f56bfc062723c751e8b465ee728b)
Start importing Assets/Low Poly Egypt Starter Kit/Meshes/Stone_Pavement_08.fbx using Guid(aaae15f079c476a44bc02b7b669bbae5) Importer(815301076,1909f56bfc062723c751e8b465ee728b)  -> (artifact id: '329f10e655d7f1edab8d5b5c3529ff28') in 0.047450 seconds 
========================================================================
Received Import Request.
  Time since last request: 0.000054 seconds.
  path: Assets/Low Poly Egypt Starter Kit/Meshes/Well.fbx
  artifactKey: Guid(c5d2f74de13e25048a532bd0345fb858) Importer(815301076,1909f56bfc062723c751e8b465ee728b)
Start importing Assets/Low Poly Egypt Starter Kit/Meshes/Well.fbx using Guid(c5d2f74de13e25048a532bd0345fb858) Importer(815301076,1909f56bfc062723c751e8b465ee728b)  -> (artifact id: '9f472e232041fce92fcdd6117eba0d1d') in 0.050204 seconds 
========================================================================
Received Import Request.
  Time since last request: 0.000033 seconds.
  path: Assets/Low Poly Egypt Starter Kit/Meshes/Wall_Pillar_02.fbx
  artifactKey: Guid(1d4fc565df7c6ce4cb4db71bcd474cce) Importer(815301076,1909f56bfc062723c751e8b465ee728b)
Start importing Assets/Low Poly Egypt Starter Kit/Meshes/Wall_Pillar_02.fbx using Guid(1d4fc565df7c6ce4cb4db71bcd474cce) Importer(815301076,1909f56bfc062723c751e8b465ee728b)  -> (artifact id: '7164fbf8c17f89e1947ba3f4ad63bec0') in 0.046012 seconds 
========================================================================
Received Import Request.
  Time since last request: 0.000042 seconds.
  path: Assets/Low Poly Egypt Starter Kit/Meshes/Stone_Pavement_04.fbx
  artifactKey: Guid(ad4d8f44774d0844ebfa956d782ad273) Importer(815301076,1909f56bfc062723c751e8b465ee728b)
Start importing Assets/Low Poly Egypt Starter Kit/Meshes/Stone_Pavement_04.fbx using Guid(ad4d8f44774d0844ebfa956d782ad273) Importer(815301076,1909f56bfc062723c751e8b465ee728b)  -> (artifact id: 'acd396e57457e7a77094b8c01202b763') in 0.051988 seconds 
========================================================================
Received Import Request.
  Time since last request: 0.000046 seconds.
  path: Assets/Low Poly Egypt Starter Kit/Meshes/Stone_Pavement_03.fbx
  artifactKey: Guid(3637112c3b5559e4fa026bb504c80f9c) Importer(815301076,1909f56bfc062723c751e8b465ee728b)
Start importing Assets/Low Poly Egypt Starter Kit/Meshes/Stone_Pavement_03.fbx using Guid(3637112c3b5559e4fa026bb504c80f9c) Importer(815301076,1909f56bfc062723c751e8b465ee728b)  -> (artifact id: 'd3b24a255a0ff9b6994c162c33fed8b6') in 0.034824 seconds 
========================================================================
Received Import Request.
  Time since last request: 0.000041 seconds.
  path: Assets/Low Poly Egypt Starter Kit/Meshes/Tower_02.fbx
  artifactKey: Guid(76728a8b05fcc8c4180c2522994321a7) Importer(815301076,1909f56bfc062723c751e8b465ee728b)
Start importing Assets/Low Poly Egypt Starter Kit/Meshes/Tower_02.fbx using Guid(76728a8b05fcc8c4180c2522994321a7) Importer(815301076,1909f56bfc062723c751e8b465ee728b)  -> (artifact id: '716b4b45bd49b3b7c03c17f33627a7b7') in 0.034722 seconds 
========================================================================
Received Import Request.
  Time since last request: 0.000062 seconds.
  path: Assets/Low Poly Egypt Starter Kit/Meshes/Wall_02.fbx
  artifactKey: Guid(9566da0bbe8cdd148bb38d1237af5f3a) Importer(815301076,1909f56bfc062723c751e8b465ee728b)
Start importing Assets/Low Poly Egypt Starter Kit/Meshes/Wall_02.fbx using Guid(9566da0bbe8cdd148bb38d1237af5f3a) Importer(815301076,1909f56bfc062723c751e8b465ee728b)  -> (artifact id: 'e5a21313ef084dd1bf74e10aeb5e6d7e') in 0.055816 seconds 
========================================================================
Received Import Request.
  Time since last request: 0.000052 seconds.
  path: Assets/Low Poly Egypt Starter Kit/Meshes/Stairs_02.fbx
  artifactKey: Guid(fdc071de780e6044e8ba8ff8f184ff12) Importer(815301076,1909f56bfc062723c751e8b465ee728b)
Start importing Assets/Low Poly Egypt Starter Kit/Meshes/Stairs_02.fbx using Guid(fdc071de780e6044e8ba8ff8f184ff12) Importer(815301076,1909f56bfc062723c751e8b465ee728b)  -> (artifact id: '83afb277902dd7cada76176b4fc332cb') in 0.051811 seconds 
========================================================================
Received Import Request.
  Time since last request: 0.000038 seconds.
  path: Assets/Low Poly Egypt Starter Kit/Meshes/Stone.fbx
  artifactKey: Guid(1194b43de1e61ba4c835a60bccdfa0c5) Importer(815301076,1909f56bfc062723c751e8b465ee728b)
Start importing Assets/Low Poly Egypt Starter Kit/Meshes/Stone.fbx using Guid(1194b43de1e61ba4c835a60bccdfa0c5) Importer(815301076,1909f56bfc062723c751e8b465ee728b)  -> (artifact id: 'fd127233507354d2dc2277159cca21d7') in 0.045121 seconds 
========================================================================
Received Import Request.
  Time since last request: 0.000043 seconds.
  path: Assets/Low Poly Egypt Starter Kit/Meshes/Tower_03.fbx
  artifactKey: Guid(08808f3e123caa4449aa482b7b4a3338) Importer(815301076,1909f56bfc062723c751e8b465ee728b)
Start importing Assets/Low Poly Egypt Starter Kit/Meshes/Tower_03.fbx using Guid(08808f3e123caa4449aa482b7b4a3338) Importer(815301076,1909f56bfc062723c751e8b465ee728b)  -> (artifact id: '7f2f73af5bdd4da9676c7e041ec4da52') in 0.048309 seconds 
========================================================================
Received Import Request.
  Time since last request: 3.127138 seconds.
  path: Assets/Low Poly Egypt Starter Kit/Prefabs/Buildings
  artifactKey: Guid(309cae6048d176242aa1dc9942677af3) Importer(815301076,1909f56bfc062723c751e8b465ee728b)
Start importing Assets/Low Poly Egypt Starter Kit/Prefabs/Buildings using Guid(309cae6048d176242aa1dc9942677af3) Importer(815301076,1909f56bfc062723c751e8b465ee728b)  -> (artifact id: '8ead7f1829bf86c543a9a642979ad01d') in 0.016010 seconds 
========================================================================
Received Import Request.
  Time since last request: 28.628737 seconds.
  path: Assets/Low Poly Egypt Starter Kit/Effects
  artifactKey: Guid(115d1f9d9bd29064ab981e57c8fc8cdf) Importer(815301076,1909f56bfc062723c751e8b465ee728b)
Start importing Assets/Low Poly Egypt Starter Kit/Effects using Guid(115d1f9d9bd29064ab981e57c8fc8cdf) Importer(815301076,1909f56bfc062723c751e8b465ee728b)  -> (artifact id: '1749c5217f008b449316c874469df2c6') in 0.006491 seconds 
========================================================================
Received Import Request.
  Time since last request: 0.869922 seconds.
  path: Assets/Low Poly Egypt Starter Kit/Effects/ImageEffects
  artifactKey: Guid(d6e0c95a128e14227939c51b5d9ad74e) Importer(815301076,1909f56bfc062723c751e8b465ee728b)
Start importing Assets/Low Poly Egypt Starter Kit/Effects/ImageEffects using Guid(d6e0c95a128e14227939c51b5d9ad74e) Importer(815301076,1909f56bfc062723c751e8b465ee728b)  -> (artifact id: 'c97c2f5538d222cd6506f899da1902cf') in 0.005881 seconds 
========================================================================
Received Import Request.
  Time since last request: 2.168900 seconds.
  path: Assets/Low Poly Egypt Starter Kit/Effects/ImageEffects/Shaders
  artifactKey: Guid(b2145489f7c704db8acb14a52bddeee9) Importer(815301076,1909f56bfc062723c751e8b465ee728b)
Start importing Assets/Low Poly Egypt Starter Kit/Effects/ImageEffects/Shaders using Guid(b2145489f7c704db8acb14a52bddeee9) Importer(815301076,1909f56bfc062723c751e8b465ee728b)  -> (artifact id: 'ae1c79a16538e3557904a5c22b8e63c0') in 0.006089 seconds 
========================================================================
Received Import Request.
  Time since last request: 0.054604 seconds.
  path: Assets/Low Poly Egypt Starter Kit/Effects/ImageEffects/Shaders/frag_ao.cginc
  artifactKey: Guid(51ae11a5cd82fda468a85179946d672a) Importer(815301076,1909f56bfc062723c751e8b465ee728b)
Start importing Assets/Low Poly Egypt Starter Kit/Effects/ImageEffects/Shaders/frag_ao.cginc using Guid(51ae11a5cd82fda468a85179946d672a) Importer(815301076,1909f56bfc062723c751e8b465ee728b)  -> (artifact id: '5e3835de6279358329821fe95263f2e1') in 0.016802 seconds 
========================================================================
Received Prepare
Registering precompiled user dll's ...
Registered in 0.027787 seconds.
Begin MonoManager ReloadAssembly
Symbol file LoadedFromMemory doesn't match image C:\Users\melanievasquez\Documents\GitHub\VR-Class-Project\Library\PackageCache\com.unity.visualscripting@1.7.8\Editor\VisualScripting.Core\Dependencies\DotNetZip\Unity.VisualScripting.IonicZip.dll
Symbol file LoadedFromMemory doesn't match image C:\Users\melanievasquez\Documents\GitHub\VR-Class-Project\Library\PackageCache\com.unity.visualscripting@1.7.8\Editor\VisualScripting.Core\Dependencies\YamlDotNet\Unity.VisualScripting.YamlDotNet.dll
Native extension for WindowsStandalone target not found
Native extension for OSXStandalone target not found
Refreshing native plugins compatible for Editor in 3.50 ms, found 11 plugins.
Preloading 1 native plugins for Editor in 0.39 ms.
System.Reflection.TargetInvocationException: Exception has been thrown by the target of an invocation. ---> System.NullReferenceException: Object reference not set to an instance of an object
  at Unity.XR.Oculus.OculusLoader.AssetPathToAbsolutePath (System.String assetPath) [0x0003d] in C:\Users\melanievasquez\Documents\GitHub\VR-Class-Project\Library\PackageCache\com.unity.xr.oculus@3.0.2\Runtime\OculusLoader.cs:271 
  at Unity.XR.Oculus.OculusLoader.EditorLoadOVRPlugin () [0x0007b] in C:\Users\melanievasquez\Documents\GitHub\VR-Class-Project\Library\PackageCache\com.unity.xr.oculus@3.0.2\Runtime\OculusLoader.cs:256 
  at (wrapper managed-to-native) System.Reflection.RuntimeMethodInfo.InternalInvoke(System.Reflection.RuntimeMethodInfo,object,object[],System.Exception&)
  at System.Reflection.RuntimeMethodInfo.Invoke (System.Object obj, System.Reflection.BindingFlags invokeAttr, System.Reflection.Binder binder, System.Object[] parameters, System.Globalization.CultureInfo culture) [0x0006a] in <c2a97e0383e8404c9fc0ae19d58f57f1>:0 
   --- End of inner exception stack trace ---
  at System.Reflection.RuntimeMethodInfo.Invoke (System.Object obj, System.Reflection.BindingFlags invokeAttr, System.Reflection.Binder binder, System.Object[] parameters, System.Globalization.CultureInfo culture) [0x00083] in <c2a97e0383e8404c9fc0ae19d58f57f1>:0 
  at System.Reflection.MethodBase.Invoke (System.Object obj, System.Object[] parameters) [0x00000] in <c2a97e0383e8404c9fc0ae19d58f57f1>:0 
  at UnityEditor.EditorAssemblies.ProcessInitializeOnLoadMethodAttributes () [0x000a5] in <33518779906b403ba9f96eccba6a861b>:0 
UnityEngine.StackTraceUtility:ExtractStackTrace ()
UnityEngine.DebugLogHandler:LogFormat (UnityEngine.LogType,UnityEngine.Object,string,object[])
UnityEngine.Logger:Log (UnityEngine.LogType,object)
UnityEngine.Debug:LogError (object)
UnityEditor.EditorAssemblies:ProcessInitializeOnLoadMethodAttributes ()

Mono: successfully reloaded assembly
- Completed reload, in  3.250 seconds
Domain Reload Profiling:
	ReloadAssembly (3252ms)
		BeginReloadAssembly (350ms)
			ExecutionOrderSort (0ms)
			DisableScriptedObjects (9ms)
			BackupInstance (0ms)
			ReleaseScriptingObjects (0ms)
			CreateAndSetChildDomain (119ms)
		EndReloadAssembly (2643ms)
			LoadAssemblies (253ms)
			RebuildTransferFunctionScriptingTraits (0ms)
			SetupTypeCache (651ms)
			ReleaseScriptCaches (3ms)
			RebuildScriptCaches (128ms)
			SetupLoadedEditorAssemblies (1366ms)
				LogAssemblyErrors (0ms)
				InitializePlatformSupportModulesInManaged (57ms)
				SetLoadedEditorAssemblies (2ms)
				RefreshPlugins (4ms)
				BeforeProcessingInitializeOnLoad (240ms)
				ProcessInitializeOnLoadAttributes (799ms)
				ProcessInitializeOnLoadMethodAttributes (233ms)
				AfterProcessingInitializeOnLoad (31ms)
				EditorAssembliesLoaded (1ms)
			ExecutionOrderSort2 (0ms)
			AwakeInstancesAfterBackupRestoration (60ms)
Platform modules already initialized, skipping
Refreshing native plugins compatible for Editor in 11.86 ms, found 11 plugins.
Preloading 1 native plugins for Editor in 0.19 ms.
Unloading 5820 Unused Serialized files (Serialized files now loaded: 0)
Unloading 85 unused Assets / (0.7 MB). Loaded Objects now: 6555.
Memory consumption went from 250.7 MB to 250.0 MB.
Total: 4.767100 ms (FindLiveObjects: 0.387600 ms CreateObjectMapping: 0.304000 ms MarkObjects: 3.746400 ms  DeleteObjects: 0.328000 ms)

AssetImportParameters requested are different than current active one (requested -> active):
  custom:video-decoder-ogg-theora: a1e56fd34408186e4bbccfd4996cb3dc -> 
  custom:container-muxer-webm: aa71ff27fc2769a1b78a27578f13a17b -> 
  custom:container-demuxer-webm: 4f35f7cbe854078d1ac9338744f61a02 -> 
  custom:video-encoder-webm-vp8: eb34c28f22e8b96e1ab97ce403110664 -> 
  custom:audio-encoder-webm-vorbis: bf7c407c2cedff20999df2af8eb42d56 -> 
  custom:framework-win-MediaFoundation: 216162199b28c13a410421893ffa2e32 -> 
  custom:container-demuxer-ogg: 62fdf1f143b41e24485cea50d1cbac27 -> 
  custom:video-decoder-webm-vp8: 9c59270c3fd7afecdb556c50c9e8de78 -> 
  custom:audio-decoder-ogg-vorbis: bf7c407c2cedff20999df2af8eb42d56 -> 
