Unity Editor version:    2021.3.7f1 (24e8595d6d43)
Branch:                  2021.3/staging
Build type:              Release
Batch mode:              YES
macOS version:           Version 12.6 (Build 21G115)
Darwin version:          21.6.0
Architecture:            x86_64
Running under Rosetta:   NO
Available memory:        16384 MB
Using pre-set license
Pro License: YES

COMMAND LINE ARGUMENTS:
/Applications/Unity/Hub/Editor/2021.3.7f1/Unity.app/Contents/MacOS/Unity
-adb2
-batchMode
-noUpm
-name
AssetImportWorker8
-projectPath
/Users/apple/Downloads/VR-Class-Project-main
-logFile
Logs/AssetImportWorker8.log
-srvPort
52012
Successfully changed project path to: /Users/apple/Downloads/VR-Class-Project-main
/Users/apple/Downloads/VR-Class-Project-main
[UnityMemory] Configuration Parameters - Can be set up in boot.config
    "memorysetup-bucket-allocator-granularity=16"
    "memorysetup-bucket-allocator-bucket-count=8"
    "memorysetup-bucket-allocator-block-size=33554432"
    "memorysetup-bucket-allocator-block-count=8"
    "memorysetup-main-allocator-block-size=16777216"
    "memorysetup-thread-allocator-block-size=16777216"
    "memorysetup-gfx-main-allocator-block-size=16777216"
    "memorysetup-gfx-thread-allocator-block-size=16777216"
    "memorysetup-cache-allocator-block-size=4194304"
    "memorysetup-typetree-allocator-block-size=2097152"
    "memorysetup-profiler-bucket-allocator-granularity=16"
    "memorysetup-profiler-bucket-allocator-bucket-count=8"
    "memorysetup-profiler-bucket-allocator-block-size=33554432"
    "memorysetup-profiler-bucket-allocator-block-count=8"
    "memorysetup-profiler-allocator-block-size=16777216"
    "memorysetup-profiler-editor-allocator-block-size=1048576"
    "memorysetup-temp-allocator-size-main=16777216"
    "memorysetup-job-temp-allocator-block-size=2097152"
    "memorysetup-job-temp-allocator-block-size-background=1048576"
    "memorysetup-job-temp-allocator-reduction-small-platforms=262144"
    "memorysetup-temp-allocator-size-background-worker=32768"
    "memorysetup-temp-allocator-size-job-worker=262144"
    "memorysetup-temp-allocator-size-preload-manager=33554432"
    "memorysetup-temp-allocator-size-nav-mesh-worker=65536"
    "memorysetup-temp-allocator-size-audio-worker=65536"
    "memorysetup-temp-allocator-size-cloud-worker=32768"
    "memorysetup-temp-allocator-size-gi-baking-worker=262144"
    "memorysetup-temp-allocator-size-gfx=262144"
Refreshing native plugins compatible for Editor in 160.10 ms, found 3 plugins.
Preloading 1 native plugins for Editor in 7.03 ms.
Initialize engine version: 2021.3.7f1 (24e8595d6d43)
[Subsystems] Discovering subsystems at path /Applications/Unity/Hub/Editor/2021.3.7f1/Unity.app/Contents/Resources/UnitySubsystems
[Subsystems] Discovering subsystems at path /Users/apple/Downloads/VR-Class-Project-main/Assets
GfxDevice: creating device client; threaded=0; jobified=0
Color LCD preferred device: AMD Radeon Pro 5500M (high power)
Metal devices available: 2
0: AMD Radeon Pro 5500M (high power)
1: Intel(R) UHD Graphics 630 (low power)
Using device AMD Radeon Pro 5500M (high power)
Initializing Metal device caps: AMD Radeon Pro 5500M
Initialize mono
Mono path[0] = '/Applications/Unity/Hub/Editor/2021.3.7f1/Unity.app/Contents/Managed'
Mono path[1] = '/Applications/Unity/Hub/Editor/2021.3.7f1/Unity.app/Contents/MonoBleedingEdge/lib/mono/unityjit-macos'
Mono config path = '/Applications/Unity/Hub/Editor/2021.3.7f1/Unity.app/Contents/MonoBleedingEdge/etc'
Using monoOptions --debugger-agent=transport=dt_socket,embedding=1,server=y,suspend=n,address=127.0.0.1:56562
Begin MonoManager ReloadAssembly
Registering precompiled unity dll's ...
Register platform support module: /Applications/Unity/Hub/Editor/2021.3.7f1/PlaybackEngines/WebGLSupport/UnityEditor.WebGL.Extensions.dll
Register platform support module: /Applications/Unity/Hub/Editor/2021.3.7f1/Unity.app/Contents/PlaybackEngines/MacStandaloneSupport/UnityEditor.OSXStandalone.Extensions.dll
Register platform support module: /Applications/Unity/Hub/Editor/2021.3.7f1/PlaybackEngines/AndroidPlayer/UnityEditor.Android.Extensions.dll
Register platform support module: /Applications/Unity/Hub/Editor/2021.3.7f1/PlaybackEngines/iOSSupport/UnityEditor.iOS.Extensions.dll
Register platform support module: /Applications/Unity/Hub/Editor/2021.3.7f1/PlaybackEngines/WindowsStandaloneSupport/UnityEditor.WindowsStandalone.Extensions.dll
Register platform support module: /Applications/Unity/Hub/Editor/2021.3.7f1/PlaybackEngines/LinuxStandaloneSupport/UnityEditor.LinuxStandalone.Extensions.dll
Registered in 0.010816 seconds.
Native extension for LinuxStandalone target not found
Native extension for WindowsStandalone target not found
[usbmuxd] Start listen thread
[usbmuxd] Listen thread started
[usbmuxd] Send listen message
Native extension for iOS target not found
Native extension for Android target not found
Native extension for OSXStandalone target not found
Native extension for WebGL target not found
Refreshing native plugins compatible for Editor in 133.94 ms, found 3 plugins.
Preloading 1 native plugins for Editor in 0.27 ms.
Mono: successfully reloaded assembly
- Completed reload, in  0.904 seconds
Domain Reload Profiling:
	ReloadAssembly (905ms)
		BeginReloadAssembly (117ms)
			ExecutionOrderSort (0ms)
			DisableScriptedObjects (0ms)
			BackupInstance (0ms)
			ReleaseScriptingObjects (0ms)
			CreateAndSetChildDomain (1ms)
		EndReloadAssembly (649ms)
			LoadAssemblies (123ms)
			RebuildTransferFunctionScriptingTraits (0ms)
			SetupTypeCache (153ms)
			ReleaseScriptCaches (0ms)
			RebuildScriptCaches (33ms)
			SetupLoadedEditorAssemblies (403ms)
				LogAssemblyErrors (0ms)
				InitializePlatformSupportModulesInManaged (118ms)
				SetLoadedEditorAssemblies (0ms)
				RefreshPlugins (134ms)
				BeforeProcessingInitializeOnLoad (1ms)
				ProcessInitializeOnLoadAttributes (103ms)
				ProcessInitializeOnLoadMethodAttributes (46ms)
				AfterProcessingInitializeOnLoad (0ms)
				EditorAssembliesLoaded (0ms)
			ExecutionOrderSort2 (0ms)
			AwakeInstancesAfterBackupRestoration (0ms)
Platform modules already initialized, skipping
Registering precompiled user dll's ...
Registered in 0.003797 seconds.
An ADB process has shut down when we were accessing it, the following System.ArgumentOutOfRangeException has been thrown: Index was out of range. Must be non-negative and less than the size of the collection.
Parameter name: index.
An ADB process has shut down when we were accessing it, the following System.ArgumentOutOfRangeException has been thrown: Index was out of range. Must be non-negative and less than the size of the collection.
Parameter name: index.
An ADB process has shut down when we were accessing it, the following System.ArgumentOutOfRangeException has been thrown: Index was out of range. Must be non-negative and less than the size of the collection.
Parameter name: index.
An ADB process has shut down when we were accessing it, the following System.ArgumentOutOfRangeException has been thrown: Index was out of range. Must be non-negative and less than the size of the collection.
Parameter name: index.
An ADB process has shut down when we were accessing it, the following System.ArgumentOutOfRangeException has been thrown: Index was out of range. Must be non-negative and less than the size of the collection.
Parameter name: index.
Begin MonoManager ReloadAssembly
Symbol file LoadedFromMemory doesn't match image /Users/apple/Downloads/VR-Class-Project-main/Library/PackageCache/com.unity.visualscripting@1.7.8/Editor/VisualScripting.Core/Dependencies/DotNetZip/Unity.VisualScripting.IonicZip.dll
Symbol file LoadedFromMemory doesn't match image /Users/apple/Downloads/VR-Class-Project-main/Library/PackageCache/com.unity.visualscripting@1.7.8/Editor/VisualScripting.Core/Dependencies/YamlDotNet/Unity.VisualScripting.YamlDotNet.dll
Native extension for LinuxStandalone target not found
Native extension for WindowsStandalone target not found
Native extension for iOS target not found
Native extension for Android target not found
Native extension for OSXStandalone target not found
Native extension for WebGL target not found
Refreshing native plugins compatible for Editor in 109.63 ms, found 3 plugins.
Preloading 1 native plugins for Editor in 0.28 ms.
Package Manager log level set to [2]
Mono: successfully reloaded assembly
- Completed reload, in  1.805 seconds
Domain Reload Profiling:
	ReloadAssembly (1806ms)
		BeginReloadAssembly (235ms)
			ExecutionOrderSort (0ms)
			DisableScriptedObjects (7ms)
			BackupInstance (0ms)
			ReleaseScriptingObjects (0ms)
			CreateAndSetChildDomain (138ms)
		EndReloadAssembly (1431ms)
			LoadAssemblies (188ms)
			RebuildTransferFunctionScriptingTraits (4ms)
			SetupTypeCache (357ms)
			ReleaseScriptCaches (9ms)
			RebuildScriptCaches (88ms)
			SetupLoadedEditorAssemblies (736ms)
				LogAssemblyErrors (0ms)
				InitializePlatformSupportModulesInManaged (26ms)
				SetLoadedEditorAssemblies (0ms)
				RefreshPlugins (110ms)
				BeforeProcessingInitializeOnLoad (115ms)
				ProcessInitializeOnLoadAttributes (389ms)
				ProcessInitializeOnLoadMethodAttributes (93ms)
				AfterProcessingInitializeOnLoad (1ms)
				EditorAssembliesLoaded (0ms)
			ExecutionOrderSort2 (0ms)
			AwakeInstancesAfterBackupRestoration (4ms)
Platform modules already initialized, skipping
========================================================================
Worker process is ready to serve import requests
Launching external process: /Applications/Unity/Hub/Editor/2021.3.7f1/Unity.app/Contents/Tools/UnityShaderCompiler
Launched and connected shader compiler UnityShaderCompiler after 0.06 seconds
Refreshing native plugins compatible for Editor in 1.28 ms, found 3 plugins.
Preloading 1 native plugins for Editor in 0.26 ms.
Unloading 5953 Unused Serialized files (Serialized files now loaded: 0)
Unloading 54 unused Assets / (358.7 KB). Loaded Objects now: 6409.
Memory consumption went from 374.1 MB to 373.7 MB.
Total: 5.010618 ms (FindLiveObjects: 0.440973 ms CreateObjectMapping: 0.557591 ms MarkObjects: 3.755393 ms  DeleteObjects: 0.255966 ms)

AssetImportParameters requested are different than current active one (requested -> active):
  custom:video-decoder-ogg-theora: a1e56fd34408186e4bbccfd4996cb3dc -> 
  custom:container-muxer-webm: aa71ff27fc2769a1b78a27578f13a17b -> 
  custom:container-demuxer-webm: 4f35f7cbe854078d1ac9338744f61a02 -> 
  custom:video-encoder-webm-vp8: eb34c28f22e8b96e1ab97ce403110664 -> 
  custom:framework-osx-AVFoundation: e770b220cccbd017edd2c1fefb359320 -> 
  custom:audio-encoder-webm-vorbis: bf7c407c2cedff20999df2af8eb42d56 -> 
  custom:container-demuxer-ogg: 62fdf1f143b41e24485cea50d1cbac27 -> 
  custom:video-decoder-webm-vp8: 9c59270c3fd7afecdb556c50c9e8de78 -> 
  custom:audio-decoder-ogg-vorbis: bf7c407c2cedff20999df2af8eb42d56 -> 
========================================================================
Received Import Request.
  Time since last request: 139346.050140 seconds.
  path: Assets/VillagePack/OldHouse/Materials/VillageHouseWood3.mat
  artifactKey: Guid(4c25ff46585cd004986267bced340add) Importer(815301076,1909f56bfc062723c751e8b465ee728b)
Start importing Assets/VillagePack/OldHouse/Materials/VillageHouseWood3.mat using Guid(4c25ff46585cd004986267bced340add) Importer(815301076,1909f56bfc062723c751e8b465ee728b)  -> (artifact id: '98fb2fbc1c0da2fc5e93d9f1c24aa622') in 0.549931 seconds 
========================================================================
Received Import Request.
  Time since last request: 129.641735 seconds.
  path: Assets/VillagePack/OldHouse/Materials/VHDecorationWood.mat
  artifactKey: Guid(a0baa4a4c92fa774e886efcf717fe9f7) Importer(815301076,1909f56bfc062723c751e8b465ee728b)
Start importing Assets/VillagePack/OldHouse/Materials/VHDecorationWood.mat using Guid(a0baa4a4c92fa774e886efcf717fe9f7) Importer(815301076,1909f56bfc062723c751e8b465ee728b)  -> (artifact id: '1f8326f5fbe38457ac37d7e3aa152f68') in 0.040090 seconds 
========================================================================
Received Import Request.
  Time since last request: 0.000078 seconds.
  path: Assets/VillagePack/OldHouse/Materials/VHWallsWood.mat
  artifactKey: Guid(37551f1fd1c07e943b166847822ba51b) Importer(815301076,1909f56bfc062723c751e8b465ee728b)
Start importing Assets/VillagePack/OldHouse/Materials/VHWallsWood.mat using Guid(37551f1fd1c07e943b166847822ba51b) Importer(815301076,1909f56bfc062723c751e8b465ee728b)  -> (artifact id: 'b2164aa3e5c5cb37c442ac65ee8a6aa6') in 0.213516 seconds 
========================================================================
Received Import Request.
  Time since last request: 0.000074 seconds.
  path: Assets/VillagePack/OldHouse/Materials/VHFloor.mat
  artifactKey: Guid(2be569dd1f4f30a409fadcc6b23ac577) Importer(815301076,1909f56bfc062723c751e8b465ee728b)
Start importing Assets/VillagePack/OldHouse/Materials/VHFloor.mat using Guid(2be569dd1f4f30a409fadcc6b23ac577) Importer(815301076,1909f56bfc062723c751e8b465ee728b)  -> (artifact id: 'bab649d4baaa9a5e4e42791a75de6ec5') in 0.034850 seconds 
========================================================================
Received Import Request.
  Time since last request: 0.000064 seconds.
  path: Assets/VillagePack/OldHouse/Materials/VhRoofBeam.mat
  artifactKey: Guid(34d58800be5e8bb4a942977b1a299eb7) Importer(815301076,1909f56bfc062723c751e8b465ee728b)
Start importing Assets/VillagePack/OldHouse/Materials/VhRoofBeam.mat using Guid(34d58800be5e8bb4a942977b1a299eb7) Importer(815301076,1909f56bfc062723c751e8b465ee728b)  -> (artifact id: '3206305da09f944efe3c66b46f4bf94c') in 0.015868 seconds 
========================================================================
Received Import Request.
  Time since last request: 0.000076 seconds.
  path: Assets/VillagePack/OldHouse/Materials/VHRoof.mat
  artifactKey: Guid(2629454c7db903744969e6421ba20f74) Importer(815301076,1909f56bfc062723c751e8b465ee728b)
Start importing Assets/VillagePack/OldHouse/Materials/VHRoof.mat using Guid(2629454c7db903744969e6421ba20f74) Importer(815301076,1909f56bfc062723c751e8b465ee728b)  -> (artifact id: 'e614add37a925d64b269cf2f9500b4de') in 0.015993 seconds 
========================================================================
Received Import Request.
  Time since last request: 53.303139 seconds.
  path: Assets/VillagePack/OldHouse/OldHousePrefab.prefab
  artifactKey: Guid(2082f115d38a4a94fabde959cb0bfd45) Importer(815301076,1909f56bfc062723c751e8b465ee728b)
Start importing Assets/VillagePack/OldHouse/OldHousePrefab.prefab using Guid(2082f115d38a4a94fabde959cb0bfd45) Importer(815301076,1909f56bfc062723c751e8b465ee728b)  -> (artifact id: '16d136aea0b759e604d8fa9f4872d337') in 1.321926 seconds 
========================================================================
Received Import Request.
  Time since last request: 64.525771 seconds.
  path: Assets/VillagePack/BigHouse/BigHousePrefab.prefab
  artifactKey: Guid(1e132733b84047940b6a9043814d6ee2) Importer(815301076,1909f56bfc062723c751e8b465ee728b)
Start importing Assets/VillagePack/BigHouse/BigHousePrefab.prefab using Guid(1e132733b84047940b6a9043814d6ee2) Importer(815301076,1909f56bfc062723c751e8b465ee728b)  -> (artifact id: '4fa52bbc50c414e1ad5631268996c49d') in 0.058710 seconds 
========================================================================
Received Import Request.
  Time since last request: 18.968944 seconds.
  path: Assets/VillagePack/BigHouse/Materials/VHDecorationWood.mat
  artifactKey: Guid(8d1a79de86829e243b9f3c89b48ebfd3) Importer(815301076,1909f56bfc062723c751e8b465ee728b)
Start importing Assets/VillagePack/BigHouse/Materials/VHDecorationWood.mat using Guid(8d1a79de86829e243b9f3c89b48ebfd3) Importer(815301076,1909f56bfc062723c751e8b465ee728b)  -> (artifact id: 'f24b5ac8869476345c2816057d3ae9a1') in 0.022596 seconds 
========================================================================
Received Import Request.
  Time since last request: 0.000089 seconds.
  path: Assets/VillagePack/BigHouse/Materials/VhRoofBeam.mat
  artifactKey: Guid(dcf833537ae27f74dae7503eec6a68f2) Importer(815301076,1909f56bfc062723c751e8b465ee728b)
Start importing Assets/VillagePack/BigHouse/Materials/VhRoofBeam.mat using Guid(dcf833537ae27f74dae7503eec6a68f2) Importer(815301076,1909f56bfc062723c751e8b465ee728b)  -> (artifact id: 'aa4c30f29d07b7ce7019412fe552c72a') in 0.032723 seconds 
========================================================================
Received Import Request.
  Time since last request: 0.000077 seconds.
  path: Assets/VillagePack/BigHouse/Materials/VHFloor.mat
  artifactKey: Guid(7f335255e0b69e943a9a38f3a704e0ee) Importer(815301076,1909f56bfc062723c751e8b465ee728b)
Start importing Assets/VillagePack/BigHouse/Materials/VHFloor.mat using Guid(7f335255e0b69e943a9a38f3a704e0ee) Importer(815301076,1909f56bfc062723c751e8b465ee728b)  -> (artifact id: 'b2cf0a6b188675fda88dcc28e121da79') in 0.015033 seconds 
========================================================================
Received Import Request.
  Time since last request: 0.000066 seconds.
  path: Assets/VillagePack/BigHouse/Materials/VHRoof.mat
  artifactKey: Guid(af83d48ed23cec849b12302e7d82d8e1) Importer(815301076,1909f56bfc062723c751e8b465ee728b)
Start importing Assets/VillagePack/BigHouse/Materials/VHRoof.mat using Guid(af83d48ed23cec849b12302e7d82d8e1) Importer(815301076,1909f56bfc062723c751e8b465ee728b)  -> (artifact id: 'f57fb83c5c990e6350a71eca5a089fa7') in 0.016306 seconds 
Editor requested this worker to shutdown with reason: Scaling down because of idle timeout
AssetImportWorker is now disconnected from the server
Process exiting
